<?xml version="1.0" encoding="UTF-8"?>
<testsuite xmlns:xsi="http://www.w3.org/2001/XMLSchema-instance" xsi:noNamespaceSchemaLocation="https://maven.apache.org/surefire/maven-surefire-plugin/xsd/surefire-test-report.xsd" name="com.sachin.mongodb.mongorepository.MongorepositoryApplicationTests" time="10.524" tests="1" errors="0" skipped="0" failures="0">
  <properties>
    <property name="sun.desktop" value="windows"/>
    <property name="awt.toolkit" value="sun.awt.windows.WToolkit"/>
    <property name="file.encoding.pkg" value="sun.io"/>
    <property name="java.specification.version" value="1.8"/>
    <property name="sun.cpu.isalist" value="amd64"/>
    <property name="sun.jnu.encoding" value="Cp1252"/>
    <property name="java.class.path" value="C:\sachin\Learning_Workspace\mongorepository\target\test-classes;C:\sachin\Learning_Workspace\mongorepository\target\classes;C:\Users\sc849m\.m2\repository\org\springframework\boot\spring-boot-starter-data-mongodb\2.1.11.RELEASE\spring-boot-starter-data-mongodb-2.1.11.RELEASE.jar;C:\Users\sc849m\.m2\repository\org\springframework\boot\spring-boot-starter\2.1.11.RELEASE\spring-boot-starter-2.1.11.RELEASE.jar;C:\Users\sc849m\.m2\repository\org\springframework\boot\spring-boot\2.1.11.RELEASE\spring-boot-2.1.11.RELEASE.jar;C:\Users\sc849m\.m2\repository\org\springframework\boot\spring-boot-autoconfigure\2.1.11.RELEASE\spring-boot-autoconfigure-2.1.11.RELEASE.jar;C:\Users\sc849m\.m2\repository\org\springframework\boot\spring-boot-starter-logging\2.1.11.RELEASE\spring-boot-starter-logging-2.1.11.RELEASE.jar;C:\Users\sc849m\.m2\repository\ch\qos\logback\logback-classic\1.2.3\logback-classic-1.2.3.jar;C:\Users\sc849m\.m2\repository\ch\qos\logback\logback-core\1.2.3\logback-core-1.2.3.jar;C:\Users\sc849m\.m2\repository\org\apache\logging\log4j\log4j-to-slf4j\2.11.2\log4j-to-slf4j-2.11.2.jar;C:\Users\sc849m\.m2\repository\org\apache\logging\log4j\log4j-api\2.11.2\log4j-api-2.11.2.jar;C:\Users\sc849m\.m2\repository\org\slf4j\jul-to-slf4j\1.7.29\jul-to-slf4j-1.7.29.jar;C:\Users\sc849m\.m2\repository\javax\annotation\javax.annotation-api\1.3.2\javax.annotation-api-1.3.2.jar;C:\Users\sc849m\.m2\repository\org\yaml\snakeyaml\1.23\snakeyaml-1.23.jar;C:\Users\sc849m\.m2\repository\org\mongodb\mongodb-driver\3.8.2\mongodb-driver-3.8.2.jar;C:\Users\sc849m\.m2\repository\org\mongodb\bson\3.8.2\bson-3.8.2.jar;C:\Users\sc849m\.m2\repository\org\mongodb\mongodb-driver-core\3.8.2\mongodb-driver-core-3.8.2.jar;C:\Users\sc849m\.m2\repository\org\springframework\data\spring-data-mongodb\2.1.14.RELEASE\spring-data-mongodb-2.1.14.RELEASE.jar;C:\Users\sc849m\.m2\repository\org\springframework\spring-tx\5.1.12.RELEASE\spring-tx-5.1.12.RELEASE.jar;C:\Users\sc849m\.m2\repository\org\springframework\spring-context\5.1.12.RELEASE\spring-context-5.1.12.RELEASE.jar;C:\Users\sc849m\.m2\repository\org\springframework\spring-beans\5.1.12.RELEASE\spring-beans-5.1.12.RELEASE.jar;C:\Users\sc849m\.m2\repository\org\springframework\spring-expression\5.1.12.RELEASE\spring-expression-5.1.12.RELEASE.jar;C:\Users\sc849m\.m2\repository\org\springframework\data\spring-data-commons\2.1.14.RELEASE\spring-data-commons-2.1.14.RELEASE.jar;C:\Users\sc849m\.m2\repository\org\slf4j\slf4j-api\1.7.29\slf4j-api-1.7.29.jar;C:\Users\sc849m\.m2\repository\org\springframework\boot\spring-boot-starter-web\2.1.11.RELEASE\spring-boot-starter-web-2.1.11.RELEASE.jar;C:\Users\sc849m\.m2\repository\org\springframework\boot\spring-boot-starter-json\2.1.11.RELEASE\spring-boot-starter-json-2.1.11.RELEASE.jar;C:\Users\sc849m\.m2\repository\com\fasterxml\jackson\core\jackson-databind\2.9.10.1\jackson-databind-2.9.10.1.jar;C:\Users\sc849m\.m2\repository\com\fasterxml\jackson\core\jackson-annotations\2.9.10\jackson-annotations-2.9.10.jar;C:\Users\sc849m\.m2\repository\com\fasterxml\jackson\core\jackson-core\2.9.10\jackson-core-2.9.10.jar;C:\Users\sc849m\.m2\repository\com\fasterxml\jackson\datatype\jackson-datatype-jdk8\2.9.10\jackson-datatype-jdk8-2.9.10.jar;C:\Users\sc849m\.m2\repository\com\fasterxml\jackson\datatype\jackson-datatype-jsr310\2.9.10\jackson-datatype-jsr310-2.9.10.jar;C:\Users\sc849m\.m2\repository\com\fasterxml\jackson\module\jackson-module-parameter-names\2.9.10\jackson-module-parameter-names-2.9.10.jar;C:\Users\sc849m\.m2\repository\org\springframework\boot\spring-boot-starter-tomcat\2.1.11.RELEASE\spring-boot-starter-tomcat-2.1.11.RELEASE.jar;C:\Users\sc849m\.m2\repository\org\apache\tomcat\embed\tomcat-embed-core\9.0.29\tomcat-embed-core-9.0.29.jar;C:\Users\sc849m\.m2\repository\org\apache\tomcat\embed\tomcat-embed-el\9.0.29\tomcat-embed-el-9.0.29.jar;C:\Users\sc849m\.m2\repository\org\apache\tomcat\embed\tomcat-embed-websocket\9.0.29\tomcat-embed-websocket-9.0.29.jar;C:\Users\sc849m\.m2\repository\org\hibernate\validator\hibernate-validator\6.0.18.Final\hibernate-validator-6.0.18.Final.jar;C:\Users\sc849m\.m2\repository\org\springframework\spring-web\5.1.12.RELEASE\spring-web-5.1.12.RELEASE.jar;C:\Users\sc849m\.m2\repository\org\springframework\spring-webmvc\5.1.12.RELEASE\spring-webmvc-5.1.12.RELEASE.jar;C:\Users\sc849m\.m2\repository\org\springframework\spring-aop\5.1.12.RELEASE\spring-aop-5.1.12.RELEASE.jar;C:\Users\sc849m\.m2\repository\org\springframework\boot\spring-boot-starter-test\2.1.11.RELEASE\spring-boot-starter-test-2.1.11.RELEASE.jar;C:\Users\sc849m\.m2\repository\org\springframework\boot\spring-boot-test\2.1.11.RELEASE\spring-boot-test-2.1.11.RELEASE.jar;C:\Users\sc849m\.m2\repository\org\springframework\boot\spring-boot-test-autoconfigure\2.1.11.RELEASE\spring-boot-test-autoconfigure-2.1.11.RELEASE.jar;C:\Users\sc849m\.m2\repository\com\jayway\jsonpath\json-path\2.4.0\json-path-2.4.0.jar;C:\Users\sc849m\.m2\repository\net\minidev\json-smart\2.3\json-smart-2.3.jar;C:\Users\sc849m\.m2\repository\net\minidev\accessors-smart\1.2\accessors-smart-1.2.jar;C:\Users\sc849m\.m2\repository\org\ow2\asm\asm\5.0.4\asm-5.0.4.jar;C:\Users\sc849m\.m2\repository\junit\junit\4.12\junit-4.12.jar;C:\Users\sc849m\.m2\repository\org\assertj\assertj-core\3.11.1\assertj-core-3.11.1.jar;C:\Users\sc849m\.m2\repository\org\mockito\mockito-core\2.23.4\mockito-core-2.23.4.jar;C:\Users\sc849m\.m2\repository\net\bytebuddy\byte-buddy\1.9.16\byte-buddy-1.9.16.jar;C:\Users\sc849m\.m2\repository\net\bytebuddy\byte-buddy-agent\1.9.16\byte-buddy-agent-1.9.16.jar;C:\Users\sc849m\.m2\repository\org\objenesis\objenesis\2.6\objenesis-2.6.jar;C:\Users\sc849m\.m2\repository\org\hamcrest\hamcrest-core\1.3\hamcrest-core-1.3.jar;C:\Users\sc849m\.m2\repository\org\hamcrest\hamcrest-library\1.3\hamcrest-library-1.3.jar;C:\Users\sc849m\.m2\repository\org\skyscreamer\jsonassert\1.5.0\jsonassert-1.5.0.jar;C:\Users\sc849m\.m2\repository\com\vaadin\external\google\android-json\0.0.20131108.vaadin1\android-json-0.0.20131108.vaadin1.jar;C:\Users\sc849m\.m2\repository\org\springframework\spring-core\5.1.12.RELEASE\spring-core-5.1.12.RELEASE.jar;C:\Users\sc849m\.m2\repository\org\springframework\spring-jcl\5.1.12.RELEASE\spring-jcl-5.1.12.RELEASE.jar;C:\Users\sc849m\.m2\repository\org\springframework\spring-test\5.1.12.RELEASE\spring-test-5.1.12.RELEASE.jar;C:\Users\sc849m\.m2\repository\org\xmlunit\xmlunit-core\2.6.3\xmlunit-core-2.6.3.jar;"/>
    <property name="java.vm.vendor" value="Oracle Corporation"/>
    <property name="sun.arch.data.model" value="64"/>
    <property name="user.variant" value=""/>
    <property name="java.vendor.url" value="http://java.oracle.com/"/>
    <property name="user.timezone" value="Asia/Calcutta"/>
    <property name="java.vm.specification.version" value="1.8"/>
    <property name="os.name" value="Windows 10"/>
    <property name="user.country" value="US"/>
    <property name="sun.java.launcher" value="SUN_STANDARD"/>
    <property name="sun.boot.library.path" value="C:\Program Files\Java\jdk1.8.0_111\jre\bin"/>
    <property name="sun.java.command" value="C:\Users\sc849m\AppData\Local\Temp\surefire4301216009795842070\surefirebooter9114593629280220758.jar C:\Users\sc849m\AppData\Local\Temp\surefire4301216009795842070 2019-12-29T13-27-30_571-jvmRun1 surefire4419171139904964435tmp surefire_02204761537371108598tmp"/>
    <property name="surefire.test.class.path" value="C:\sachin\Learning_Workspace\mongorepository\target\test-classes;C:\sachin\Learning_Workspace\mongorepository\target\classes;C:\Users\sc849m\.m2\repository\org\springframework\boot\spring-boot-starter-data-mongodb\2.1.11.RELEASE\spring-boot-starter-data-mongodb-2.1.11.RELEASE.jar;C:\Users\sc849m\.m2\repository\org\springframework\boot\spring-boot-starter\2.1.11.RELEASE\spring-boot-starter-2.1.11.RELEASE.jar;C:\Users\sc849m\.m2\repository\org\springframework\boot\spring-boot\2.1.11.RELEASE\spring-boot-2.1.11.RELEASE.jar;C:\Users\sc849m\.m2\repository\org\springframework\boot\spring-boot-autoconfigure\2.1.11.RELEASE\spring-boot-autoconfigure-2.1.11.RELEASE.jar;C:\Users\sc849m\.m2\repository\org\springframework\boot\spring-boot-starter-logging\2.1.11.RELEASE\spring-boot-starter-logging-2.1.11.RELEASE.jar;C:\Users\sc849m\.m2\repository\ch\qos\logback\logback-classic\1.2.3\logback-classic-1.2.3.jar;C:\Users\sc849m\.m2\repository\ch\qos\logback\logback-core\1.2.3\logback-core-1.2.3.jar;C:\Users\sc849m\.m2\repository\org\apache\logging\log4j\log4j-to-slf4j\2.11.2\log4j-to-slf4j-2.11.2.jar;C:\Users\sc849m\.m2\repository\org\apache\logging\log4j\log4j-api\2.11.2\log4j-api-2.11.2.jar;C:\Users\sc849m\.m2\repository\org\slf4j\jul-to-slf4j\1.7.29\jul-to-slf4j-1.7.29.jar;C:\Users\sc849m\.m2\repository\javax\annotation\javax.annotation-api\1.3.2\javax.annotation-api-1.3.2.jar;C:\Users\sc849m\.m2\repository\org\yaml\snakeyaml\1.23\snakeyaml-1.23.jar;C:\Users\sc849m\.m2\repository\org\mongodb\mongodb-driver\3.8.2\mongodb-driver-3.8.2.jar;C:\Users\sc849m\.m2\repository\org\mongodb\bson\3.8.2\bson-3.8.2.jar;C:\Users\sc849m\.m2\repository\org\mongodb\mongodb-driver-core\3.8.2\mongodb-driver-core-3.8.2.jar;C:\Users\sc849m\.m2\repository\org\springframework\data\spring-data-mongodb\2.1.14.RELEASE\spring-data-mongodb-2.1.14.RELEASE.jar;C:\Users\sc849m\.m2\repository\org\springframework\spring-tx\5.1.12.RELEASE\spring-tx-5.1.12.RELEASE.jar;C:\Users\sc849m\.m2\repository\org\springframework\spring-context\5.1.12.RELEASE\spring-context-5.1.12.RELEASE.jar;C:\Users\sc849m\.m2\repository\org\springframework\spring-beans\5.1.12.RELEASE\spring-beans-5.1.12.RELEASE.jar;C:\Users\sc849m\.m2\repository\org\springframework\spring-expression\5.1.12.RELEASE\spring-expression-5.1.12.RELEASE.jar;C:\Users\sc849m\.m2\repository\org\springframework\data\spring-data-commons\2.1.14.RELEASE\spring-data-commons-2.1.14.RELEASE.jar;C:\Users\sc849m\.m2\repository\org\slf4j\slf4j-api\1.7.29\slf4j-api-1.7.29.jar;C:\Users\sc849m\.m2\repository\org\springframework\boot\spring-boot-starter-web\2.1.11.RELEASE\spring-boot-starter-web-2.1.11.RELEASE.jar;C:\Users\sc849m\.m2\repository\org\springframework\boot\spring-boot-starter-json\2.1.11.RELEASE\spring-boot-starter-json-2.1.11.RELEASE.jar;C:\Users\sc849m\.m2\repository\com\fasterxml\jackson\core\jackson-databind\2.9.10.1\jackson-databind-2.9.10.1.jar;C:\Users\sc849m\.m2\repository\com\fasterxml\jackson\core\jackson-annotations\2.9.10\jackson-annotations-2.9.10.jar;C:\Users\sc849m\.m2\repository\com\fasterxml\jackson\core\jackson-core\2.9.10\jackson-core-2.9.10.jar;C:\Users\sc849m\.m2\repository\com\fasterxml\jackson\datatype\jackson-datatype-jdk8\2.9.10\jackson-datatype-jdk8-2.9.10.jar;C:\Users\sc849m\.m2\repository\com\fasterxml\jackson\datatype\jackson-datatype-jsr310\2.9.10\jackson-datatype-jsr310-2.9.10.jar;C:\Users\sc849m\.m2\repository\com\fasterxml\jackson\module\jackson-module-parameter-names\2.9.10\jackson-module-parameter-names-2.9.10.jar;C:\Users\sc849m\.m2\repository\org\springframework\boot\spring-boot-starter-tomcat\2.1.11.RELEASE\spring-boot-starter-tomcat-2.1.11.RELEASE.jar;C:\Users\sc849m\.m2\repository\org\apache\tomcat\embed\tomcat-embed-core\9.0.29\tomcat-embed-core-9.0.29.jar;C:\Users\sc849m\.m2\repository\org\apache\tomcat\embed\tomcat-embed-el\9.0.29\tomcat-embed-el-9.0.29.jar;C:\Users\sc849m\.m2\repository\org\apache\tomcat\embed\tomcat-embed-websocket\9.0.29\tomcat-embed-websocket-9.0.29.jar;C:\Users\sc849m\.m2\repository\org\hibernate\validator\hibernate-validator\6.0.18.Final\hibernate-validator-6.0.18.Final.jar;C:\Users\sc849m\.m2\repository\org\springframework\spring-web\5.1.12.RELEASE\spring-web-5.1.12.RELEASE.jar;C:\Users\sc849m\.m2\repository\org\springframework\spring-webmvc\5.1.12.RELEASE\spring-webmvc-5.1.12.RELEASE.jar;C:\Users\sc849m\.m2\repository\org\springframework\spring-aop\5.1.12.RELEASE\spring-aop-5.1.12.RELEASE.jar;C:\Users\sc849m\.m2\repository\org\springframework\boot\spring-boot-starter-test\2.1.11.RELEASE\spring-boot-starter-test-2.1.11.RELEASE.jar;C:\Users\sc849m\.m2\repository\org\springframework\boot\spring-boot-test\2.1.11.RELEASE\spring-boot-test-2.1.11.RELEASE.jar;C:\Users\sc849m\.m2\repository\org\springframework\boot\spring-boot-test-autoconfigure\2.1.11.RELEASE\spring-boot-test-autoconfigure-2.1.11.RELEASE.jar;C:\Users\sc849m\.m2\repository\com\jayway\jsonpath\json-path\2.4.0\json-path-2.4.0.jar;C:\Users\sc849m\.m2\repository\net\minidev\json-smart\2.3\json-smart-2.3.jar;C:\Users\sc849m\.m2\repository\net\minidev\accessors-smart\1.2\accessors-smart-1.2.jar;C:\Users\sc849m\.m2\repository\org\ow2\asm\asm\5.0.4\asm-5.0.4.jar;C:\Users\sc849m\.m2\repository\junit\junit\4.12\junit-4.12.jar;C:\Users\sc849m\.m2\repository\org\assertj\assertj-core\3.11.1\assertj-core-3.11.1.jar;C:\Users\sc849m\.m2\repository\org\mockito\mockito-core\2.23.4\mockito-core-2.23.4.jar;C:\Users\sc849m\.m2\repository\net\bytebuddy\byte-buddy\1.9.16\byte-buddy-1.9.16.jar;C:\Users\sc849m\.m2\repository\net\bytebuddy\byte-buddy-agent\1.9.16\byte-buddy-agent-1.9.16.jar;C:\Users\sc849m\.m2\repository\org\objenesis\objenesis\2.6\objenesis-2.6.jar;C:\Users\sc849m\.m2\repository\org\hamcrest\hamcrest-core\1.3\hamcrest-core-1.3.jar;C:\Users\sc849m\.m2\repository\org\hamcrest\hamcrest-library\1.3\hamcrest-library-1.3.jar;C:\Users\sc849m\.m2\repository\org\skyscreamer\jsonassert\1.5.0\jsonassert-1.5.0.jar;C:\Users\sc849m\.m2\repository\com\vaadin\external\google\android-json\0.0.20131108.vaadin1\android-json-0.0.20131108.vaadin1.jar;C:\Users\sc849m\.m2\repository\org\springframework\spring-core\5.1.12.RELEASE\spring-core-5.1.12.RELEASE.jar;C:\Users\sc849m\.m2\repository\org\springframework\spring-jcl\5.1.12.RELEASE\spring-jcl-5.1.12.RELEASE.jar;C:\Users\sc849m\.m2\repository\org\springframework\spring-test\5.1.12.RELEASE\spring-test-5.1.12.RELEASE.jar;C:\Users\sc849m\.m2\repository\org\xmlunit\xmlunit-core\2.6.3\xmlunit-core-2.6.3.jar;"/>
    <property name="sun.cpu.endian" value="little"/>
    <property name="user.home" value="C:\Users\sc849m"/>
    <property name="user.language" value="en"/>
    <property name="java.specification.vendor" value="Oracle Corporation"/>
    <property name="java.home" value="C:\Program Files\Java\jdk1.8.0_111\jre"/>
    <property name="basedir" value="C:\sachin\Learning_Workspace\mongorepository"/>
    <property name="file.separator" value="\"/>
    <property name="line.separator" value="&#10;"/>
    <property name="java.vm.specification.vendor" value="Oracle Corporation"/>
    <property name="java.specification.name" value="Java Platform API Specification"/>
    <property name="java.awt.graphicsenv" value="sun.awt.Win32GraphicsEnvironment"/>
    <property name="surefire.real.class.path" value="C:\Users\sc849m\AppData\Local\Temp\surefire4301216009795842070\surefirebooter9114593629280220758.jar"/>
    <property name="sun.boot.class.path" value="C:\Program Files\Java\jdk1.8.0_111\jre\lib\resources.jar;C:\Program Files\Java\jdk1.8.0_111\jre\lib\rt.jar;C:\Program Files\Java\jdk1.8.0_111\jre\lib\sunrsasign.jar;C:\Program Files\Java\jdk1.8.0_111\jre\lib\jsse.jar;C:\Program Files\Java\jdk1.8.0_111\jre\lib\jce.jar;C:\Program Files\Java\jdk1.8.0_111\jre\lib\charsets.jar;C:\Program Files\Java\jdk1.8.0_111\jre\lib\jfr.jar;C:\Program Files\Java\jdk1.8.0_111\jre\classes"/>
    <property name="user.script" value=""/>
    <property name="sun.management.compiler" value="HotSpot 64-Bit Tiered Compilers"/>
    <property name="java.runtime.version" value="1.8.0_111-b14"/>
    <property name="user.name" value="sc849m"/>
    <property name="path.separator" value=";"/>
    <property name="os.version" value="10.0"/>
    <property name="java.endorsed.dirs" value="C:\Program Files\Java\jdk1.8.0_111\jre\lib\endorsed"/>
    <property name="java.runtime.name" value="Java(TM) SE Runtime Environment"/>
    <property name="file.encoding" value="Cp1252"/>
    <property name="java.vm.name" value="Java HotSpot(TM) 64-Bit Server VM"/>
    <property name="localRepository" value="C:\Users\sc849m\.m2\repository"/>
    <property name="java.vendor.url.bug" value="http://bugreport.sun.com/bugreport/"/>
    <property name="java.io.tmpdir" value="C:\Users\sc849m\AppData\Local\Temp\"/>
    <property name="java.version" value="1.8.0_111"/>
    <property name="user.dir" value="C:\sachin\Learning_Workspace\mongorepository"/>
    <property name="os.arch" value="amd64"/>
    <property name="java.vm.specification.name" value="Java Virtual Machine Specification"/>
    <property name="java.awt.printerjob" value="sun.awt.windows.WPrinterJob"/>
    <property name="sun.os.patch.level" value=""/>
    <property name="java.library.path" value="C:\Program Files\Java\jdk1.8.0_111\jre\bin;C:\WINDOWS\Sun\Java\bin;C:\WINDOWS\system32;C:\WINDOWS;C:/Program Files/Java/jdk1.8.0_111/bin/../jre/bin/server;C:/Program Files/Java/jdk1.8.0_111/bin/../jre/bin;C:/Program Files/Java/jdk1.8.0_111/bin/../jre/lib/amd64;C:\Program Files\Java\jdk1.8.0_111\bin;C:\Program Files (x86)\Common Files\Oracle\Java\javapath;C:\Program Files (x86)\RSA SecurID Token Common;C:\windows\system32;C:\windows;C:\windows\System32\Wbem;C:\windows\System32\WindowsPowerShell\v1.0\;C:\Users\Administrator\AppData\Local\Microsoft\WindowsApps;%;S_TOOLS%;C:\ProgramData\WebEx\WebEx\Applications;C:\WINDOWS\system32\config\systemprofile\AppData\Local\Microsoft\WindowsApps;C:\windows\_SUPPORT\Tools;C:\Program Files\Git\cmd;C:\sachin\Software\apache-maven-3.3.9\bin;C:\Users\sc849m\AppData\Local\Microsoft\WindowsApps;;C:\Users\sc849m\Downloads\sts-bundle\sts-3.9.0.RELEASE;;."/>
    <property name="java.vm.info" value="mixed mode"/>
    <property name="java.vendor" value="Oracle Corporation"/>
    <property name="java.vm.version" value="25.111-b14"/>
    <property name="java.ext.dirs" value="C:\Program Files\Java\jdk1.8.0_111\jre\lib\ext;C:\WINDOWS\Sun\Java\lib\ext"/>
    <property name="sun.io.unicode.encoding" value="UnicodeLittle"/>
    <property name="java.class.version" value="52.0"/>
  </properties>
  <testcase name="contextLoads" classname="com.sachin.mongodb.mongorepository.MongorepositoryApplicationTests" time="0.364"/>
</testsuite>